<?xml version="1.0" encoding="UTF-8"?>
<testng-results ignored="0" total="3" passed="3" failed="0" skipped="0">
  <reporter-output>
  </reporter-output>
  <suite started-at="2023-02-28T17:29:24 IST" name="Default suite" finished-at="2023-02-28T17:29:26 IST" duration-ms="1553">
    <groups>
    </groups>
    <test started-at="2023-02-28T17:29:24 IST" name="Default test" finished-at="2023-02-28T17:29:26 IST" duration-ms="1553">
      <class name="TestNG.DATAprovider">
        <test-method signature="read(java.lang.String,java.lang.String)[pri:0, instance:TestNG.DATAprovider@4b14c583]" started-at="2023-02-28T17:29:26 IST" name="read" data-provider="logindata" finished-at="2023-02-28T17:29:26 IST" duration-ms="10" status="PASS">
          <params>
            <param index="0">
              <value>
                <![CDATA[TestYantra]]>
              </value>
            </param>
            <param index="1">
              <value>
                <![CDATA[Test123]]>
              </value>
            </param>
          </params>
          <reporter-output>
          </reporter-output>
        </test-method> <!-- read -->
        <test-method signature="read(java.lang.String,java.lang.String)[pri:0, instance:TestNG.DATAprovider@4b14c583]" started-at="2023-02-28T17:29:26 IST" name="read" data-provider="logindata" finished-at="2023-02-28T17:29:26 IST" duration-ms="2" status="PASS">
          <params>
            <param index="0">
              <value>
                <![CDATA[FireFlink]]>
              </value>
            </param>
            <param index="1">
              <value>
                <![CDATA[Fire123]]>
              </value>
            </param>
          </params>
          <reporter-output>
          </reporter-output>
        </test-method> <!-- read -->
        <test-method signature="read(java.lang.String,java.lang.String)[pri:0, instance:TestNG.DATAprovider@4b14c583]" started-at="2023-02-28T17:29:26 IST" name="read" data-provider="logindata" finished-at="2023-02-28T17:29:26 IST" duration-ms="2" status="PASS">
          <params>
            <param index="0">
              <value>
                <![CDATA[Google]]>
              </value>
            </param>
            <param index="1">
              <value>
                <![CDATA[Google123]]>
              </value>
            </param>
          </params>
          <reporter-output>
          </reporter-output>
        </test-method> <!-- read -->
      </class> <!-- TestNG.DATAprovider -->
    </test> <!-- Default test -->
  </suite> <!-- Default suite -->
</testng-results>
