<?xml version="1.0" encoding="UTF-8"?>
<!-- Generated by org.testng.reporters.JUnitXMLReporter -->
<testsuite ignored="3" hostname="Jaggu" failures="0" tests="1" name="Test" time="0.077" errors="0" timestamp="2023-02-28T11:43:18 IST">
  <testcase classname="TestNG.Sample" name="demo" time="0.013"/>
  <testcase classname="TestNG.Sample" name="demo2" time="0.0">
    <ignored/>
  </testcase> <!-- demo2 -->
  <testcase classname="TestNG.Sample" name="demo1" time="0.0">
    <ignored/>
  </testcase> <!-- demo1 -->
  <testcase classname="TestNG.Sample" name="demo3" time="0.0">
    <ignored/>
  </testcase> <!-- demo3 -->
</testsuite> <!-- Test -->
